============================= test session starts =============================
platform win32 -- Python 3.14.3, pytest-9.0.2, pluggy-1.6.0 -- C:\Python314\python.exe
cachedir: .pytest_cache
rootdir: C:\Users\Ankit.Sadhu1\Desktop\python\rideshare
plugins: anyio-4.12.1, langsmith-0.7.6, asyncio-1.3.0
asyncio: mode=Mode.STRICT, debug=False, asyncio_default_fixture_loop_scope=None, asyncio_default_test_loop_scope=function
collecting ... collected 0 items / 4 errors

=================================== ERRORS ====================================
_____________________ ERROR collecting tests/test_geo.py ______________________
ImportError while importing test module 'C:\Users\Ankit.Sadhu1\Desktop\python\rideshare\tests\test_geo.py'.
Hint: make sure your test modules/packages have valid Python names.
Traceback:
C:\Python314\Lib\importlib\__init__.py:88: in import_module
    return _bootstrap._gcd_import(name[level:], package, level)
           ^^^^^^^^^^^^^^^^^^^^^^^^^^^^^^^^^^^^^^^^^^^^^^^^^^^^
tests\test_geo.py:9: in <module>
    from rideshare.geo import GeoService
rideshare\__init__.py:4: in <module>
    from .models import (
E   ImportError: cannot import name 'Rating' from 'rideshare.models' (C:\Users\Ankit.Sadhu1\Desktop\python\rideshare\tests\..\rideshare\models.py)
___________________ ERROR collecting tests/test_matching.py ___________________
ImportError while importing test module 'C:\Users\Ankit.Sadhu1\Desktop\python\rideshare\tests\test_matching.py'.
Hint: make sure your test modules/packages have valid Python names.
Traceback:
C:\Python314\Lib\importlib\__init__.py:88: in import_module
    return _bootstrap._gcd_import(name[level:], package, level)
           ^^^^^^^^^^^^^^^^^^^^^^^^^^^^^^^^^^^^^^^^^^^^^^^^^^^^
tests\test_matching.py:7: in <module>
    from rideshare.matching import (
rideshare\__init__.py:4: in <module>
    from .models import (
E   ImportError: cannot import name 'Rating' from 'rideshare.models' (C:\Users\Ankit.Sadhu1\Desktop\python\rideshare\tests\..\rideshare\models.py)
___________________ ERROR collecting tests/test_pricing.py ____________________
ImportError while importing test module 'C:\Users\Ankit.Sadhu1\Desktop\python\rideshare\tests\test_pricing.py'.
Hint: make sure your test modules/packages have valid Python names.
Traceback:
C:\Python314\Lib\importlib\__init__.py:88: in import_module
    return _bootstrap._gcd_import(name[level:], package, level)
           ^^^^^^^^^^^^^^^^^^^^^^^^^^^^^^^^^^^^^^^^^^^^^^^^^^^^
tests\test_pricing.py:9: in <module>
    from rideshare.pricing import FareCalculator
rideshare\__init__.py:4: in <module>
    from .models import (
E   ImportError: cannot import name 'Rating' from 'rideshare.models' (C:\Users\Ankit.Sadhu1\Desktop\python\rideshare\tests\..\rideshare\models.py)
_________________ ERROR collecting tests/test_ride_service.py _________________
ImportError while importing test module 'C:\Users\Ankit.Sadhu1\Desktop\python\rideshare\tests\test_ride_service.py'.
Hint: make sure your test modules/packages have valid Python names.
Traceback:
C:\Python314\Lib\importlib\__init__.py:88: in import_module
    return _bootstrap._gcd_import(name[level:], package, level)
           ^^^^^^^^^^^^^^^^^^^^^^^^^^^^^^^^^^^^^^^^^^^^^^^^^^^^
tests\test_ride_service.py:10: in <module>
    from rideshare import RideShareSystem, Location, VehicleType, Vehicle, RideStatus, PaymentMethod
rideshare\__init__.py:4: in <module>
    from .models import (
E   ImportError: cannot import name 'Rating' from 'rideshare.models' (C:\Users\Ankit.Sadhu1\Desktop\python\rideshare\tests\..\rideshare\models.py)
=========================== short test summary info ===========================
ERROR tests/test_geo.py
ERROR tests/test_matching.py
ERROR tests/test_pricing.py
ERROR tests/test_ride_service.py
!!!!!!!!!!!!!!!!!!! Interrupted: 4 errors during collection !!!!!!!!!!!!!!!!!!!
============================== 4 errors in 0.30s ==============================
