============================= test session starts =============================
platform win32 -- Python 3.14.3, pytest-9.0.2, pluggy-1.6.0 -- C:\Python314\python.exe
cachedir: .pytest_cache
rootdir: C:\Users\Ankit.Sadhu1\Desktop\python\chess_game
plugins: anyio-4.12.1, langsmith-0.7.6, asyncio-1.3.0
asyncio: mode=Mode.STRICT, debug=False, asyncio_default_fixture_loop_scope=None, asyncio_default_test_loop_scope=function
collecting ... collected 56 items

tests/test_board.py::test_initial_position_has_32_pieces PASSED          [  1%]
tests/test_board.py::test_initial_white_pieces_count PASSED              [  3%]
tests/test_board.py::test_initial_black_pieces_count PASSED              [  5%]
tests/test_board.py::test_find_white_king PASSED                         [  7%]
tests/test_board.py::test_find_black_king PASSED                         [  8%]
tests/test_board.py::test_get_piece_e1_is_white_king PASSED              [ 10%]
tests/test_board.py::test_empty_square_returns_none PASSED               [ 12%]
tests/test_board.py::test_is_empty PASSED                                [ 14%]
tests/test_board.py::test_is_enemy PASSED                                [ 16%]
tests/test_board.py::test_clone_independence PASSED                      [ 17%]
tests/test_board.py::test_move_piece PASSED                              [ 19%]
tests/test_board.py::test_fen_board_initial PASSED                       [ 21%]
tests/test_board.py::test_position_algebraic_roundtrip PASSED            [ 23%]
tests/test_board.py::test_pawns_on_correct_ranks PASSED                  [ 25%]
tests/test_check_detection.py::test_initial_position_not_in_check PASSED [ 26%]
tests/test_check_detection.py::test_check_by_rook PASSED                 [ 28%]
tests/test_check_detection.py::test_check_by_bishop PASSED               [ 30%]
tests/test_check_detection.py::test_check_by_knight PASSED               [ 32%]
tests/test_check_detection.py::test_check_by_pawn PASSED                 [ 33%]
tests/test_check_detection.py::test_no_check_pawn_forward PASSED         [ 35%]
tests/test_check_detection.py::test_scholars_mate_is_checkmate PASSED    [ 37%]
tests/test_check_detection.py::test_back_rank_mate FAILED                [ 39%]
tests/test_check_detection.py::test_stalemate_king_only FAILED           [ 41%]
tests/test_check_detection.py::test_insufficient_king_vs_king PASSED     [ 42%]
tests/test_check_detection.py::test_insufficient_king_bishop_vs_king PASSED [ 44%]
tests/test_check_detection.py::test_insufficient_king_knight_vs_king PASSED [ 46%]
tests/test_check_detection.py::test_sufficient_king_rook_vs_king PASSED  [ 48%]
tests/test_check_detection.py::test_pinned_piece_cant_move PASSED        [ 50%]
tests/test_pieces.py::test_pawn_initial_two_moves PASSED                 [ 51%]
tests/test_pieces.py::test_pawn_blocked PASSED                           [ 53%]
tests/test_pieces.py::test_pawn_capture_diagonal PASSED                  [ 55%]
tests/test_pieces.py::test_pawn_promotion_generates_4_options PASSED     [ 57%]
tests/test_pieces.py::test_knight_center_8_moves PASSED                  [ 58%]
tests/test_pieces.py::test_knight_corner_2_moves PASSED                  [ 60%]
tests/test_pieces.py::test_knight_initial_b1 PASSED                      [ 62%]
tests/test_pieces.py::test_bishop_center_empty_board PASSED              [ 64%]
tests/test_pieces.py::test_bishop_blocked_by_friendly PASSED             [ 66%]
tests/test_pieces.py::test_rook_center_empty_board PASSED                [ 67%]
tests/test_pieces.py::test_rook_initial_a1_no_legal_moves PASSED         [ 69%]
tests/test_pieces.py::test_queen_center_empty_board PASSED               [ 71%]
tests/test_pieces.py::test_king_center_empty_board PASSED                [ 73%]
tests/test_pieces.py::test_king_initial_no_legal_moves PASSED            [ 75%]
tests/test_pieces.py::test_white_has_20_initial_legal_moves PASSED       [ 76%]
tests/test_special_moves.py::test_kingside_castling PASSED               [ 78%]
tests/test_special_moves.py::test_queenside_castling PASSED              [ 80%]
tests/test_special_moves.py::test_cannot_castle_after_king_moved PASSED  [ 82%]
tests/test_special_moves.py::test_cannot_castle_through_occupied_square PASSED [ 83%]
tests/test_special_moves.py::test_cannot_castle_while_in_check PASSED    [ 85%]
tests/test_special_moves.py::test_cannot_castle_through_check PASSED     [ 87%]
tests/test_special_moves.py::test_en_passant_capture PASSED              [ 89%]
tests/test_special_moves.py::test_en_passant_only_available_immediately FAILED [ 91%]
tests/test_special_moves.py::test_pawn_promotion_to_queen PASSED         [ 92%]
tests/test_special_moves.py::test_pawn_promotion_to_knight PASSED        [ 94%]
tests/test_special_moves.py::test_promotion_default_queen PASSED         [ 96%]
tests/test_special_moves.py::test_undo_castling PASSED                   [ 98%]
tests/test_special_moves.py::test_undo_en_passant PASSED                 [100%]

================================== FAILURES ===================================
_____________________________ test_back_rank_mate _____________________________

    def test_back_rank_mate():
        """Classic back-rank mate: rook delivers on 8th rank."""
        b = Board()
        # White Ke1, Rd1; Black Ke8 boxed in by own pawns f7,g7,h7
        b.set_piece(Position(0, 4), Piece(Color.WHITE, PieceType.KING, has_moved=True))
        b.set_piece(Position(0, 3), Piece(Color.WHITE, PieceType.ROOK, has_moved=True))
        b.set_piece(Position(7, 4), Piece(Color.BLACK, PieceType.KING, has_moved=True))
        b.set_piece(Position(6, 5), Piece(Color.BLACK, PieceType.PAWN, has_moved=True))
        b.set_piece(Position(6, 6), Piece(Color.BLACK, PieceType.PAWN, has_moved=True))
        b.set_piece(Position(6, 7), Piece(Color.BLACK, PieceType.PAWN, has_moved=True))
    
        game = GameController(b)
        game.make_move_algebraic("d1", "d8")  # Rd8#
    
>       assert game.status == GameStatus.CHECKMATE
E       AssertionError: assert <GameStatus.CHECK: 'CHECK'> == <GameStatus.CHECKMATE: 'CHECKMATE'>
E        +  where <GameStatus.CHECK: 'CHECK'> = <chess_engine.game.GameController object at 0x0000029993707D90>.status
E        +  and   <GameStatus.CHECKMATE: 'CHECKMATE'> = GameStatus.CHECKMATE

tests\test_check_detection.py:98: AssertionError
__________________________ test_stalemate_king_only ___________________________

    def test_stalemate_king_only():
        """K+Q vs K in a stalemate position."""
        b = Board()
        b.set_piece(Position(7, 0), Piece(Color.BLACK, PieceType.KING, has_moved=True))  # Ka8
        b.set_piece(Position(5, 1), Piece(Color.WHITE, PieceType.KING, has_moved=True))  # Kb6
        b.set_piece(Position(5, 0), Piece(Color.WHITE, PieceType.QUEEN, has_moved=True)) # Qa6
    
        legal = MoveValidator.get_legal_moves(b, Color.BLACK)
>       assert len(legal) == 0
E       assert 1 == 0
E        +  where 1 = len([Move(Kb8)])

tests\test_check_detection.py:114: AssertionError
_________________ test_en_passant_only_available_immediately __________________

    def test_en_passant_only_available_immediately():
        """En passant must be taken immediately or it's gone."""
        b = Board()
        b.set_piece(Position(4, 4), Piece(Color.WHITE, PieceType.PAWN, has_moved=True))
        b.set_piece(Position(6, 3), Piece(Color.BLACK, PieceType.PAWN))
        b.set_piece(Position(0, 0), Piece(Color.WHITE, PieceType.KING, has_moved=True))
        b.set_piece(Position(7, 7), Piece(Color.BLACK, PieceType.KING, has_moved=True))
        # Extra pieces to make other moves available
        b.set_piece(Position(0, 7), Piece(Color.WHITE, PieceType.ROOK, has_moved=True))
        b.set_piece(Position(7, 0), Piece(Color.BLACK, PieceType.ROOK, has_moved=True))
    
        game = GameController(b)
        game.current_turn = Color.BLACK
>       game.make_move_algebraic("d7", "d5")  # opens en passant
        ^^^^^^^^^^^^^^^^^^^^^^^^^^^^^^^^^^^^

tests\test_special_moves.py:144: 
_ _ _ _ _ _ _ _ _ _ _ _ _ _ _ _ _ _ _ _ _ _ _ _ _ _ _ _ _ _ _ _ _ _ _ _ _ _ _ _

self = <chess_engine.game.GameController object at 0x00000299938597F0>
from_str = 'd7', to_str = 'd5', promotion = None

    def make_move_algebraic(self, from_str: str, to_str: str,
                            promotion: Optional[PieceType] = None) -> Move:
        """Convenience: make_move using algebraic strings like 'e2', 'e4'."""
>       return self.make_move(
            Position.from_algebraic(from_str),
            Position.from_algebraic(to_str),
            promotion,
        )

chess_engine\game.py:178: 
_ _ _ _ _ _ _ _ _ _ _ _ _ _ _ _ _ _ _ _ _ _ _ _ _ _ _ _ _ _ _ _ _ _ _ _ _ _ _ _

self = <chess_engine.game.GameController object at 0x00000299938597F0>
from_pos = Position(d7), to_pos = Position(d5), promotion = None

    def make_move(
        self,
        from_pos  : Position,
        to_pos    : Position,
        promotion : Optional[PieceType] = None,
    ) -> Move:
        """
        Execute a move.  Raises ValueError if illegal.
        Returns the executed Move with check/checkmate annotations.
        """
        if self.is_game_over:
            raise ValueError(f"Game is already over ({self._status.value})")
    
        piece = self.board.get_piece(from_pos)
        if piece is None:
            raise ValueError(f"No piece at {from_pos}")
        if piece.color != self.current_turn:
            raise ValueError(f"Not {piece.color.value}'s turn")
    
        # Find matching legal move
        legal = self.get_legal_moves()
        candidates = [
            m for m in legal
            if m.from_pos == from_pos and m.to_pos == to_pos
        ]
    
        if promotion:
            candidates = [m for m in candidates if m.promotion == promotion]
        elif any(m.promotion for m in candidates):
            # Default to queen promotion
            candidates = [m for m in candidates if m.promotion == PieceType.QUEEN]
    
        if not candidates:
>           raise ValueError(
                f"Illegal move: {from_pos} \u2192 {to_pos} for {piece.piece_type.value}"
            )
E           ValueError: Illegal move: d7 \u2192 d5 for PAWN

chess_engine\game.py:124: ValueError
=========================== short test summary info ===========================
FAILED tests/test_check_detection.py::test_back_rank_mate - AssertionError: a...
FAILED tests/test_check_detection.py::test_stalemate_king_only - assert 1 == 0
FAILED tests/test_special_moves.py::test_en_passant_only_available_immediately
======================== 3 failed, 53 passed in 0.56s =========================
